c:\users\office\desktop\c-code\program\program\x64\debug\vc143.pdb
c:\users\office\desktop\c-code\program\program\x64\debug\vc143.idb
c:\users\office\desktop\c-code\program\program\x64\debug\source.obj
c:\users\office\desktop\c-code\program\program\x64\debug\potion.obj
c:\users\office\desktop\c-code\program\program\x64\debug\consum.obj
c:\users\office\desktop\c-code\program\program\x64\debug\rope.obj
c:\users\office\desktop\c-code\program\program\x64\debug\water.obj
c:\users\office\desktop\c-code\program\program\x64\debug\lantern.obj
c:\users\office\desktop\c-code\program\x64\debug\program.exe
c:\users\office\desktop\c-code\program\x64\debug\program.pdb
c:\users\office\desktop\c-code\program\program\x64\debug\program.ilk
c:\users\office\desktop\c-code\program\program\x64\debug\bicycle.obj
c:\users\office\desktop\c-code\program\program\x64\debug\boat.obj
c:\users\office\desktop\c-code\program\program\x64\debug\program.obj
c:\users\office\desktop\c-code\program\program\x64\debug\scooter.obj
c:\users\office\desktop\c-code\program\program\x64\debug\vehicle.obj
c:\users\office\desktop\c-code\program\program\x64\debug\program.obj.enc
c:\users\office\desktop\c-code\program\program\x64\debug\program.tlog\cl.command.1.tlog
c:\users\office\desktop\c-code\program\program\x64\debug\program.tlog\cl.items.tlog
c:\users\office\desktop\c-code\program\program\x64\debug\program.tlog\cl.read.1.tlog
c:\users\office\desktop\c-code\program\program\x64\debug\program.tlog\cl.write.1.tlog
c:\users\office\desktop\c-code\program\program\x64\debug\program.tlog\link.command.1.tlog
c:\users\office\desktop\c-code\program\program\x64\debug\program.tlog\link.read.1.tlog
c:\users\office\desktop\c-code\program\program\x64\debug\program.tlog\link.secondary.1.tlog
c:\users\office\desktop\c-code\program\program\x64\debug\program.tlog\link.write.1.tlog
